1.0.0.127.in-addr.arpa - - [19/Aug/2013 20:48:23] "GET / HTTP/1.1" 200 -
1.0.0.127.in-addr.arpa - - [19/Aug/2013 20:48:24] code 404, message File not found
1.0.0.127.in-addr.arpa - - [19/Aug/2013 20:48:24] "GET /styles/main.css HTTP/1.1" 404 -
1.0.0.127.in-addr.arpa - - [19/Aug/2013 20:48:24] "GET /bower_components/angular/angular.js HTTP/1.1" 200 -
1.0.0.127.in-addr.arpa - - [19/Aug/2013 20:48:24] "GET /scripts/app.js HTTP/1.1" 200 -
1.0.0.127.in-addr.arpa - - [19/Aug/2013 20:48:24] "GET /scripts/controllers/main.js HTTP/1.1" 200 -
1.0.0.127.in-addr.arpa - - [19/Aug/2013 20:48:24] "GET /bower_components/jquery/jquery.js HTTP/1.1" 200 -
1.0.0.127.in-addr.arpa - - [19/Aug/2013 20:48:24] "GET /bower_components/bootstrap-sass/js/bootstrap-affix.js HTTP/1.1" 200 -
1.0.0.127.in-addr.arpa - - [19/Aug/2013 20:48:24] "GET /bower_components/bootstrap-sass/js/bootstrap-alert.js HTTP/1.1" 200 -
1.0.0.127.in-addr.arpa - - [19/Aug/2013 20:48:24] "GET /bower_components/bootstrap-sass/js/bootstrap-dropdown.js HTTP/1.1" 200 -
1.0.0.127.in-addr.arpa - - [19/Aug/2013 20:48:24] "GET /bower_components/bootstrap-sass/js/bootstrap-tooltip.js HTTP/1.1" 200 -
1.0.0.127.in-addr.arpa - - [19/Aug/2013 20:48:24] "GET /bower_components/bootstrap-sass/js/bootstrap-modal.js HTTP/1.1" 200 -
1.0.0.127.in-addr.arpa - - [19/Aug/2013 20:48:24] "GET /bower_components/bootstrap-sass/js/bootstrap-transition.js HTTP/1.1" 200 -
1.0.0.127.in-addr.arpa - - [19/Aug/2013 20:48:24] "GET /bower_components/bootstrap-sass/js/bootstrap-button.js HTTP/1.1" 200 -
1.0.0.127.in-addr.arpa - - [19/Aug/2013 20:48:24] "GET /bower_components/bootstrap-sass/js/bootstrap-popover.js HTTP/1.1" 200 -
1.0.0.127.in-addr.arpa - - [19/Aug/2013 20:48:24] "GET /bower_components/bootstrap-sass/js/bootstrap-typeahead.js HTTP/1.1" 200 -
1.0.0.127.in-addr.arpa - - [19/Aug/2013 20:48:24] "GET /bower_components/bootstrap-sass/js/bootstrap-carousel.js HTTP/1.1" 200 -
1.0.0.127.in-addr.arpa - - [19/Aug/2013 20:48:24] "GET /bower_components/bootstrap-sass/js/bootstrap-scrollspy.js HTTP/1.1" 200 -
1.0.0.127.in-addr.arpa - - [19/Aug/2013 20:48:24] "GET /bower_components/bootstrap-sass/js/bootstrap-collapse.js HTTP/1.1" 200 -
1.0.0.127.in-addr.arpa - - [19/Aug/2013 20:48:24] "GET /bower_components/bootstrap-sass/js/bootstrap-tab.js HTTP/1.1" 200 -
1.0.0.127.in-addr.arpa - - [19/Aug/2013 20:48:24] "GET /bower_components/angular-cookies/angular-cookies.js HTTP/1.1" 200 -
1.0.0.127.in-addr.arpa - - [19/Aug/2013 20:48:24] "GET /bower_components/angular-sanitize/angular-sanitize.js HTTP/1.1" 200 -
1.0.0.127.in-addr.arpa - - [19/Aug/2013 20:48:24] "GET /bower_components/angular-resource/angular-resource.js HTTP/1.1" 200 -
1.0.0.127.in-addr.arpa - - [19/Aug/2013 20:48:24] "GET /views/main.html HTTP/1.1" 200 -
1.0.0.127.in-addr.arpa - - [19/Aug/2013 20:48:24] "GET /favicon.ico HTTP/1.1" 200 -
1.0.0.127.in-addr.arpa - - [19/Aug/2013 20:48:36] "GET / HTTP/1.1" 200 -
1.0.0.127.in-addr.arpa - - [19/Aug/2013 20:48:37] code 404, message File not found
1.0.0.127.in-addr.arpa - - [19/Aug/2013 20:48:37] "GET /styles/main.css HTTP/1.1" 404 -
1.0.0.127.in-addr.arpa - - [19/Aug/2013 20:48:37] "GET /scripts/app.js HTTP/1.1" 200 -
1.0.0.127.in-addr.arpa - - [19/Aug/2013 20:48:37] "GET /scripts/controllers/main.js HTTP/1.1" 200 -
1.0.0.127.in-addr.arpa - - [19/Aug/2013 20:48:37] "GET /bower_components/bootstrap-sass/js/bootstrap-affix.js HTTP/1.1" 200 -
1.0.0.127.in-addr.arpa - - [19/Aug/2013 20:48:37] "GET /bower_components/bootstrap-sass/js/bootstrap-alert.js HTTP/1.1" 200 -
1.0.0.127.in-addr.arpa - - [19/Aug/2013 20:48:37] "GET /bower_components/bootstrap-sass/js/bootstrap-dropdown.js HTTP/1.1" 200 -
1.0.0.127.in-addr.arpa - - [19/Aug/2013 20:48:37] "GET /bower_components/bootstrap-sass/js/bootstrap-modal.js HTTP/1.1" 200 -
1.0.0.127.in-addr.arpa - - [19/Aug/2013 20:48:37] "GET /bower_components/bootstrap-sass/js/bootstrap-transition.js HTTP/1.1" 200 -
1.0.0.127.in-addr.arpa - - [19/Aug/2013 20:48:37] "GET /views/main.html HTTP/1.1" 200 -
1.0.0.127.in-addr.arpa - - [19/Aug/2013 20:49:15] "GET / HTTP/1.1" 200 -
1.0.0.127.in-addr.arpa - - [19/Aug/2013 20:49:15] code 404, message File not found
1.0.0.127.in-addr.arpa - - [19/Aug/2013 20:49:15] "GET /styles/main.css HTTP/1.1" 404 -
1.0.0.127.in-addr.arpa - - [19/Aug/2013 20:49:15] "GET /bower_components/angular/angular.js HTTP/1.1" 200 -
1.0.0.127.in-addr.arpa - - [19/Aug/2013 20:49:15] "GET /scripts/app.js HTTP/1.1" 200 -
1.0.0.127.in-addr.arpa - - [19/Aug/2013 20:49:15] "GET /scripts/controllers/main.js HTTP/1.1" 200 -
1.0.0.127.in-addr.arpa - - [19/Aug/2013 20:49:15] "GET /scripts/directives/main.js HTTP/1.1" 200 -
1.0.0.127.in-addr.arpa - - [19/Aug/2013 20:49:15] "GET /bower_components/jquery/jquery.js HTTP/1.1" 200 -
1.0.0.127.in-addr.arpa - - [19/Aug/2013 20:49:15] "GET /bower_components/bootstrap-sass/js/bootstrap-affix.js HTTP/1.1" 200 -
1.0.0.127.in-addr.arpa - - [19/Aug/2013 20:49:15] "GET /bower_components/bootstrap-sass/js/bootstrap-alert.js HTTP/1.1" 200 -
1.0.0.127.in-addr.arpa - - [19/Aug/2013 20:49:15] "GET /bower_components/bootstrap-sass/js/bootstrap-dropdown.js HTTP/1.1" 200 -
1.0.0.127.in-addr.arpa - - [19/Aug/2013 20:49:15] "GET /bower_components/bootstrap-sass/js/bootstrap-tooltip.js HTTP/1.1" 200 -
1.0.0.127.in-addr.arpa - - [19/Aug/2013 20:49:15] "GET /bower_components/bootstrap-sass/js/bootstrap-modal.js HTTP/1.1" 200 -
1.0.0.127.in-addr.arpa - - [19/Aug/2013 20:49:15] "GET /bower_components/bootstrap-sass/js/bootstrap-transition.js HTTP/1.1" 200 -
1.0.0.127.in-addr.arpa - - [19/Aug/2013 20:49:15] "GET /bower_components/bootstrap-sass/js/bootstrap-button.js HTTP/1.1" 200 -
1.0.0.127.in-addr.arpa - - [19/Aug/2013 20:49:15] "GET /bower_components/bootstrap-sass/js/bootstrap-popover.js HTTP/1.1" 200 -
1.0.0.127.in-addr.arpa - - [19/Aug/2013 20:49:15] "GET /bower_components/bootstrap-sass/js/bootstrap-typeahead.js HTTP/1.1" 200 -
1.0.0.127.in-addr.arpa - - [19/Aug/2013 20:49:15] "GET /bower_components/bootstrap-sass/js/bootstrap-carousel.js HTTP/1.1" 200 -
1.0.0.127.in-addr.arpa - - [19/Aug/2013 20:49:15] "GET /bower_components/bootstrap-sass/js/bootstrap-scrollspy.js HTTP/1.1" 200 -
1.0.0.127.in-addr.arpa - - [19/Aug/2013 20:49:15] "GET /bower_components/bootstrap-sass/js/bootstrap-collapse.js HTTP/1.1" 200 -
1.0.0.127.in-addr.arpa - - [19/Aug/2013 20:49:15] "GET /bower_components/bootstrap-sass/js/bootstrap-tab.js HTTP/1.1" 200 -
1.0.0.127.in-addr.arpa - - [19/Aug/2013 20:49:15] "GET /bower_components/angular-cookies/angular-cookies.js HTTP/1.1" 200 -
1.0.0.127.in-addr.arpa - - [19/Aug/2013 20:49:15] "GET /bower_components/angular-sanitize/angular-sanitize.js HTTP/1.1" 200 -
1.0.0.127.in-addr.arpa - - [19/Aug/2013 20:49:15] "GET /bower_components/angular-resource/angular-resource.js HTTP/1.1" 200 -
1.0.0.127.in-addr.arpa - - [19/Aug/2013 20:49:15] "GET /views/main.html HTTP/1.1" 200 -
1.0.0.127.in-addr.arpa - - [19/Aug/2013 20:49:38] "GET / HTTP/1.1" 200 -
1.0.0.127.in-addr.arpa - - [19/Aug/2013 20:49:39] code 404, message File not found
1.0.0.127.in-addr.arpa - - [19/Aug/2013 20:49:39] "GET /styles/main.css HTTP/1.1" 404 -
1.0.0.127.in-addr.arpa - - [19/Aug/2013 20:49:39] "GET /bower_components/angular/angular.js HTTP/1.1" 200 -
1.0.0.127.in-addr.arpa - - [19/Aug/2013 20:49:39] "GET /scripts/app.js HTTP/1.1" 200 -
1.0.0.127.in-addr.arpa - - [19/Aug/2013 20:49:39] "GET /scripts/controllers/main.js HTTP/1.1" 200 -
1.0.0.127.in-addr.arpa - - [19/Aug/2013 20:49:39] "GET /scripts/directives/main.js HTTP/1.1" 200 -
1.0.0.127.in-addr.arpa - - [19/Aug/2013 20:49:39] "GET /bower_components/jquery/jquery.js HTTP/1.1" 200 -
1.0.0.127.in-addr.arpa - - [19/Aug/2013 20:49:39] "GET /bower_components/bootstrap-sass/js/bootstrap-affix.js HTTP/1.1" 200 -
1.0.0.127.in-addr.arpa - - [19/Aug/2013 20:49:39] "GET /bower_components/bootstrap-sass/js/bootstrap-alert.js HTTP/1.1" 200 -
1.0.0.127.in-addr.arpa - - [19/Aug/2013 20:49:39] "GET /bower_components/bootstrap-sass/js/bootstrap-dropdown.js HTTP/1.1" 200 -
1.0.0.127.in-addr.arpa - - [19/Aug/2013 20:49:39] "GET /bower_components/bootstrap-sass/js/bootstrap-tooltip.js HTTP/1.1" 200 -
1.0.0.127.in-addr.arpa - - [19/Aug/2013 20:49:39] "GET /bower_components/bootstrap-sass/js/bootstrap-modal.js HTTP/1.1" 200 -
1.0.0.127.in-addr.arpa - - [19/Aug/2013 20:49:39] "GET /bower_components/bootstrap-sass/js/bootstrap-transition.js HTTP/1.1" 200 -
1.0.0.127.in-addr.arpa - - [19/Aug/2013 20:49:39] "GET /bower_components/bootstrap-sass/js/bootstrap-button.js HTTP/1.1" 200 -
1.0.0.127.in-addr.arpa - - [19/Aug/2013 20:49:39] "GET /bower_components/bootstrap-sass/js/bootstrap-popover.js HTTP/1.1" 200 -
1.0.0.127.in-addr.arpa - - [19/Aug/2013 20:49:39] "GET /bower_components/bootstrap-sass/js/bootstrap-typeahead.js HTTP/1.1" 200 -
1.0.0.127.in-addr.arpa - - [19/Aug/2013 20:49:39] "GET /bower_components/bootstrap-sass/js/bootstrap-carousel.js HTTP/1.1" 200 -
1.0.0.127.in-addr.arpa - - [19/Aug/2013 20:49:39] "GET /bower_components/bootstrap-sass/js/bootstrap-scrollspy.js HTTP/1.1" 200 -
1.0.0.127.in-addr.arpa - - [19/Aug/2013 20:49:39] "GET /bower_components/bootstrap-sass/js/bootstrap-collapse.js HTTP/1.1" 200 -
1.0.0.127.in-addr.arpa - - [19/Aug/2013 20:49:39] "GET /bower_components/bootstrap-sass/js/bootstrap-tab.js HTTP/1.1" 200 -
1.0.0.127.in-addr.arpa - - [19/Aug/2013 20:49:39] "GET /bower_components/angular-cookies/angular-cookies.js HTTP/1.1" 200 -
1.0.0.127.in-addr.arpa - - [19/Aug/2013 20:49:39] "GET /bower_components/angular-sanitize/angular-sanitize.js HTTP/1.1" 200 -
1.0.0.127.in-addr.arpa - - [19/Aug/2013 20:49:39] "GET /bower_components/angular-resource/angular-resource.js HTTP/1.1" 200 -
1.0.0.127.in-addr.arpa - - [19/Aug/2013 20:49:39] "GET /views/main.html HTTP/1.1" 200 -
1.0.0.127.in-addr.arpa - - [19/Aug/2013 20:49:56] "GET / HTTP/1.1" 200 -
1.0.0.127.in-addr.arpa - - [19/Aug/2013 20:49:56] code 404, message File not found
1.0.0.127.in-addr.arpa - - [19/Aug/2013 20:49:56] "GET /styles/main.css HTTP/1.1" 404 -
1.0.0.127.in-addr.arpa - - [19/Aug/2013 20:49:56] "GET /bower_components/angular/angular.js HTTP/1.1" 200 -
1.0.0.127.in-addr.arpa - - [19/Aug/2013 20:49:56] "GET /scripts/app.js HTTP/1.1" 200 -
1.0.0.127.in-addr.arpa - - [19/Aug/2013 20:49:56] "GET /scripts/controllers/main.js HTTP/1.1" 200 -
1.0.0.127.in-addr.arpa - - [19/Aug/2013 20:49:56] "GET /scripts/directives/main.js HTTP/1.1" 200 -
1.0.0.127.in-addr.arpa - - [19/Aug/2013 20:49:56] "GET /bower_components/jquery/jquery.js HTTP/1.1" 200 -
1.0.0.127.in-addr.arpa - - [19/Aug/2013 20:49:56] "GET /bower_components/bootstrap-sass/js/bootstrap-affix.js HTTP/1.1" 200 -
1.0.0.127.in-addr.arpa - - [19/Aug/2013 20:49:56] "GET /bower_components/bootstrap-sass/js/bootstrap-alert.js HTTP/1.1" 200 -
1.0.0.127.in-addr.arpa - - [19/Aug/2013 20:49:56] "GET /bower_components/bootstrap-sass/js/bootstrap-dropdown.js HTTP/1.1" 200 -
1.0.0.127.in-addr.arpa - - [19/Aug/2013 20:49:56] "GET /bower_components/bootstrap-sass/js/bootstrap-tooltip.js HTTP/1.1" 200 -
1.0.0.127.in-addr.arpa - - [19/Aug/2013 20:49:56] "GET /bower_components/bootstrap-sass/js/bootstrap-modal.js HTTP/1.1" 200 -
1.0.0.127.in-addr.arpa - - [19/Aug/2013 20:49:56] "GET /bower_components/bootstrap-sass/js/bootstrap-transition.js HTTP/1.1" 200 -
1.0.0.127.in-addr.arpa - - [19/Aug/2013 20:49:56] "GET /bower_components/bootstrap-sass/js/bootstrap-button.js HTTP/1.1" 200 -
1.0.0.127.in-addr.arpa - - [19/Aug/2013 20:49:56] "GET /bower_components/bootstrap-sass/js/bootstrap-popover.js HTTP/1.1" 200 -
1.0.0.127.in-addr.arpa - - [19/Aug/2013 20:49:56] "GET /bower_components/bootstrap-sass/js/bootstrap-typeahead.js HTTP/1.1" 200 -
1.0.0.127.in-addr.arpa - - [19/Aug/2013 20:49:56] "GET /bower_components/bootstrap-sass/js/bootstrap-carousel.js HTTP/1.1" 200 -
1.0.0.127.in-addr.arpa - - [19/Aug/2013 20:49:56] "GET /bower_components/bootstrap-sass/js/bootstrap-scrollspy.js HTTP/1.1" 200 -
1.0.0.127.in-addr.arpa - - [19/Aug/2013 20:49:56] "GET /bower_components/bootstrap-sass/js/bootstrap-collapse.js HTTP/1.1" 200 -
1.0.0.127.in-addr.arpa - - [19/Aug/2013 20:49:56] "GET /bower_components/bootstrap-sass/js/bootstrap-tab.js HTTP/1.1" 200 -
1.0.0.127.in-addr.arpa - - [19/Aug/2013 20:49:56] "GET /bower_components/angular-cookies/angular-cookies.js HTTP/1.1" 200 -
1.0.0.127.in-addr.arpa - - [19/Aug/2013 20:49:56] "GET /bower_components/angular-sanitize/angular-sanitize.js HTTP/1.1" 200 -
1.0.0.127.in-addr.arpa - - [19/Aug/2013 20:49:56] "GET /bower_components/angular-resource/angular-resource.js HTTP/1.1" 200 -
1.0.0.127.in-addr.arpa - - [19/Aug/2013 20:49:56] "GET /views/main.html HTTP/1.1" 200 -
1.0.0.127.in-addr.arpa - - [19/Aug/2013 20:50:12] "GET / HTTP/1.1" 200 -
1.0.0.127.in-addr.arpa - - [19/Aug/2013 20:50:12] code 404, message File not found
1.0.0.127.in-addr.arpa - - [19/Aug/2013 20:50:12] "GET /styles/main.css HTTP/1.1" 404 -
1.0.0.127.in-addr.arpa - - [19/Aug/2013 20:50:12] "GET /bower_components/angular/angular.js HTTP/1.1" 200 -
1.0.0.127.in-addr.arpa - - [19/Aug/2013 20:50:12] "GET /scripts/app.js HTTP/1.1" 200 -
1.0.0.127.in-addr.arpa - - [19/Aug/2013 20:50:12] "GET /scripts/controllers/main.js HTTP/1.1" 200 -
1.0.0.127.in-addr.arpa - - [19/Aug/2013 20:50:12] "GET /scripts/directives/main.js HTTP/1.1" 200 -
1.0.0.127.in-addr.arpa - - [19/Aug/2013 20:50:12] "GET /bower_components/jquery/jquery.js HTTP/1.1" 200 -
1.0.0.127.in-addr.arpa - - [19/Aug/2013 20:50:12] "GET /bower_components/bootstrap-sass/js/bootstrap-affix.js HTTP/1.1" 200 -
1.0.0.127.in-addr.arpa - - [19/Aug/2013 20:50:12] "GET /bower_components/bootstrap-sass/js/bootstrap-alert.js HTTP/1.1" 200 -
1.0.0.127.in-addr.arpa - - [19/Aug/2013 20:50:12] "GET /bower_components/bootstrap-sass/js/bootstrap-dropdown.js HTTP/1.1" 200 -
1.0.0.127.in-addr.arpa - - [19/Aug/2013 20:50:12] "GET /bower_components/bootstrap-sass/js/bootstrap-tooltip.js HTTP/1.1" 200 -
1.0.0.127.in-addr.arpa - - [19/Aug/2013 20:50:12] "GET /bower_components/bootstrap-sass/js/bootstrap-modal.js HTTP/1.1" 200 -
1.0.0.127.in-addr.arpa - - [19/Aug/2013 20:50:13] "GET /bower_components/bootstrap-sass/js/bootstrap-transition.js HTTP/1.1" 200 -
1.0.0.127.in-addr.arpa - - [19/Aug/2013 20:50:13] "GET /bower_components/bootstrap-sass/js/bootstrap-button.js HTTP/1.1" 200 -
1.0.0.127.in-addr.arpa - - [19/Aug/2013 20:50:13] "GET /bower_components/bootstrap-sass/js/bootstrap-popover.js HTTP/1.1" 200 -
1.0.0.127.in-addr.arpa - - [19/Aug/2013 20:50:13] "GET /bower_components/bootstrap-sass/js/bootstrap-typeahead.js HTTP/1.1" 200 -
1.0.0.127.in-addr.arpa - - [19/Aug/2013 20:50:13] "GET /bower_components/bootstrap-sass/js/bootstrap-carousel.js HTTP/1.1" 200 -
1.0.0.127.in-addr.arpa - - [19/Aug/2013 20:50:13] "GET /bower_components/bootstrap-sass/js/bootstrap-scrollspy.js HTTP/1.1" 200 -
1.0.0.127.in-addr.arpa - - [19/Aug/2013 20:50:13] "GET /bower_components/bootstrap-sass/js/bootstrap-collapse.js HTTP/1.1" 200 -
1.0.0.127.in-addr.arpa - - [19/Aug/2013 20:50:13] "GET /bower_components/bootstrap-sass/js/bootstrap-tab.js HTTP/1.1" 200 -
1.0.0.127.in-addr.arpa - - [19/Aug/2013 20:50:13] "GET /bower_components/angular-cookies/angular-cookies.js HTTP/1.1" 200 -
1.0.0.127.in-addr.arpa - - [19/Aug/2013 20:50:13] "GET /bower_components/angular-sanitize/angular-sanitize.js HTTP/1.1" 200 -
1.0.0.127.in-addr.arpa - - [19/Aug/2013 20:50:13] "GET /bower_components/angular-resource/angular-resource.js HTTP/1.1" 200 -
1.0.0.127.in-addr.arpa - - [19/Aug/2013 20:50:13] "GET /views/main.html HTTP/1.1" 200 -
1.0.0.127.in-addr.arpa - - [19/Aug/2013 20:50:37] "GET / HTTP/1.1" 200 -
1.0.0.127.in-addr.arpa - - [19/Aug/2013 20:50:37] code 404, message File not found
1.0.0.127.in-addr.arpa - - [19/Aug/2013 20:50:37] "GET /styles/main.css HTTP/1.1" 404 -
1.0.0.127.in-addr.arpa - - [19/Aug/2013 20:50:37] "GET /bower_components/angular/angular.js HTTP/1.1" 200 -
1.0.0.127.in-addr.arpa - - [19/Aug/2013 20:50:37] "GET /scripts/app.js HTTP/1.1" 200 -
1.0.0.127.in-addr.arpa - - [19/Aug/2013 20:50:37] "GET /scripts/controllers/main.js HTTP/1.1" 200 -
1.0.0.127.in-addr.arpa - - [19/Aug/2013 20:50:37] "GET /scripts/directives/main.js HTTP/1.1" 200 -
1.0.0.127.in-addr.arpa - - [19/Aug/2013 20:50:37] "GET /bower_components/jquery/jquery.js HTTP/1.1" 200 -
1.0.0.127.in-addr.arpa - - [19/Aug/2013 20:50:37] "GET /bower_components/bootstrap-sass/js/bootstrap-affix.js HTTP/1.1" 200 -
1.0.0.127.in-addr.arpa - - [19/Aug/2013 20:50:37] "GET /bower_components/bootstrap-sass/js/bootstrap-alert.js HTTP/1.1" 200 -
1.0.0.127.in-addr.arpa - - [19/Aug/2013 20:50:37] "GET /bower_components/bootstrap-sass/js/bootstrap-dropdown.js HTTP/1.1" 200 -
1.0.0.127.in-addr.arpa - - [19/Aug/2013 20:50:37] "GET /bower_components/bootstrap-sass/js/bootstrap-tooltip.js HTTP/1.1" 200 -
1.0.0.127.in-addr.arpa - - [19/Aug/2013 20:50:37] "GET /bower_components/bootstrap-sass/js/bootstrap-modal.js HTTP/1.1" 200 -
1.0.0.127.in-addr.arpa - - [19/Aug/2013 20:50:37] "GET /bower_components/bootstrap-sass/js/bootstrap-transition.js HTTP/1.1" 200 -
1.0.0.127.in-addr.arpa - - [19/Aug/2013 20:50:37] "GET /bower_components/bootstrap-sass/js/bootstrap-button.js HTTP/1.1" 200 -
1.0.0.127.in-addr.arpa - - [19/Aug/2013 20:50:37] "GET /bower_components/bootstrap-sass/js/bootstrap-popover.js HTTP/1.1" 200 -
1.0.0.127.in-addr.arpa - - [19/Aug/2013 20:50:37] "GET /bower_components/bootstrap-sass/js/bootstrap-typeahead.js HTTP/1.1" 200 -
1.0.0.127.in-addr.arpa - - [19/Aug/2013 20:50:37] "GET /bower_components/bootstrap-sass/js/bootstrap-carousel.js HTTP/1.1" 200 -
1.0.0.127.in-addr.arpa - - [19/Aug/2013 20:50:37] "GET /bower_components/bootstrap-sass/js/bootstrap-scrollspy.js HTTP/1.1" 200 -
1.0.0.127.in-addr.arpa - - [19/Aug/2013 20:50:37] "GET /bower_components/bootstrap-sass/js/bootstrap-collapse.js HTTP/1.1" 200 -
1.0.0.127.in-addr.arpa - - [19/Aug/2013 20:50:37] "GET /bower_components/bootstrap-sass/js/bootstrap-tab.js HTTP/1.1" 200 -
1.0.0.127.in-addr.arpa - - [19/Aug/2013 20:50:37] "GET /bower_components/angular-cookies/angular-cookies.js HTTP/1.1" 200 -
1.0.0.127.in-addr.arpa - - [19/Aug/2013 20:50:37] "GET /bower_components/angular-sanitize/angular-sanitize.js HTTP/1.1" 200 -
1.0.0.127.in-addr.arpa - - [19/Aug/2013 20:50:37] "GET /bower_components/angular-resource/angular-resource.js HTTP/1.1" 200 -
1.0.0.127.in-addr.arpa - - [19/Aug/2013 20:50:38] "GET /views/main.html HTTP/1.1" 200 -
1.0.0.127.in-addr.arpa - - [19/Aug/2013 20:50:39] "GET / HTTP/1.1" 200 -
1.0.0.127.in-addr.arpa - - [19/Aug/2013 20:50:39] code 404, message File not found
1.0.0.127.in-addr.arpa - - [19/Aug/2013 20:50:39] "GET /styles/main.css HTTP/1.1" 404 -
1.0.0.127.in-addr.arpa - - [19/Aug/2013 20:50:39] "GET /bower_components/angular/angular.js HTTP/1.1" 200 -
1.0.0.127.in-addr.arpa - - [19/Aug/2013 20:50:39] "GET /scripts/app.js HTTP/1.1" 200 -
1.0.0.127.in-addr.arpa - - [19/Aug/2013 20:50:39] "GET /scripts/controllers/main.js HTTP/1.1" 200 -
1.0.0.127.in-addr.arpa - - [19/Aug/2013 20:50:39] "GET /scripts/directives/main.js HTTP/1.1" 200 -
1.0.0.127.in-addr.arpa - - [19/Aug/2013 20:50:39] "GET /bower_components/jquery/jquery.js HTTP/1.1" 200 -
1.0.0.127.in-addr.arpa - - [19/Aug/2013 20:50:39] "GET /bower_components/bootstrap-sass/js/bootstrap-affix.js HTTP/1.1" 200 -
1.0.0.127.in-addr.arpa - - [19/Aug/2013 20:50:39] "GET /bower_components/bootstrap-sass/js/bootstrap-alert.js HTTP/1.1" 200 -
1.0.0.127.in-addr.arpa - - [19/Aug/2013 20:50:39] "GET /bower_components/bootstrap-sass/js/bootstrap-dropdown.js HTTP/1.1" 200 -
1.0.0.127.in-addr.arpa - - [19/Aug/2013 20:50:39] "GET /bower_components/bootstrap-sass/js/bootstrap-tooltip.js HTTP/1.1" 200 -
1.0.0.127.in-addr.arpa - - [19/Aug/2013 20:50:39] "GET /bower_components/bootstrap-sass/js/bootstrap-modal.js HTTP/1.1" 200 -
1.0.0.127.in-addr.arpa - - [19/Aug/2013 20:50:40] "GET /bower_components/bootstrap-sass/js/bootstrap-transition.js HTTP/1.1" 200 -
1.0.0.127.in-addr.arpa - - [19/Aug/2013 20:50:40] "GET /bower_components/bootstrap-sass/js/bootstrap-button.js HTTP/1.1" 200 -
1.0.0.127.in-addr.arpa - - [19/Aug/2013 20:50:40] "GET /bower_components/bootstrap-sass/js/bootstrap-popover.js HTTP/1.1" 200 -
1.0.0.127.in-addr.arpa - - [19/Aug/2013 20:50:40] "GET /bower_components/bootstrap-sass/js/bootstrap-typeahead.js HTTP/1.1" 200 -
1.0.0.127.in-addr.arpa - - [19/Aug/2013 20:50:40] "GET /bower_components/bootstrap-sass/js/bootstrap-carousel.js HTTP/1.1" 200 -
1.0.0.127.in-addr.arpa - - [19/Aug/2013 20:50:40] "GET /bower_components/bootstrap-sass/js/bootstrap-scrollspy.js HTTP/1.1" 200 -
1.0.0.127.in-addr.arpa - - [19/Aug/2013 20:50:40] "GET /bower_components/bootstrap-sass/js/bootstrap-collapse.js HTTP/1.1" 200 -
1.0.0.127.in-addr.arpa - - [19/Aug/2013 20:50:40] "GET /bower_components/bootstrap-sass/js/bootstrap-tab.js HTTP/1.1" 200 -
1.0.0.127.in-addr.arpa - - [19/Aug/2013 20:50:40] "GET /bower_components/angular-cookies/angular-cookies.js HTTP/1.1" 200 -
1.0.0.127.in-addr.arpa - - [19/Aug/2013 20:50:40] "GET /bower_components/angular-sanitize/angular-sanitize.js HTTP/1.1" 200 -
1.0.0.127.in-addr.arpa - - [19/Aug/2013 20:50:40] "GET /bower_components/angular-resource/angular-resource.js HTTP/1.1" 200 -
1.0.0.127.in-addr.arpa - - [19/Aug/2013 20:50:40] "GET /views/main.html HTTP/1.1" 200 -
1.0.0.127.in-addr.arpa - - [19/Aug/2013 20:52:28] "GET / HTTP/1.1" 200 -
1.0.0.127.in-addr.arpa - - [19/Aug/2013 20:52:28] code 404, message File not found
1.0.0.127.in-addr.arpa - - [19/Aug/2013 20:52:28] "GET /styles/main.css HTTP/1.1" 404 -
1.0.0.127.in-addr.arpa - - [19/Aug/2013 20:52:28] "GET /bower_components/angular/angular.js HTTP/1.1" 200 -
1.0.0.127.in-addr.arpa - - [19/Aug/2013 20:52:28] "GET /scripts/app.js HTTP/1.1" 200 -
1.0.0.127.in-addr.arpa - - [19/Aug/2013 20:52:28] "GET /scripts/controllers/main.js HTTP/1.1" 200 -
1.0.0.127.in-addr.arpa - - [19/Aug/2013 20:52:28] "GET /scripts/directives/main.js HTTP/1.1" 200 -
1.0.0.127.in-addr.arpa - - [19/Aug/2013 20:52:28] "GET /bower_components/jquery/jquery.js HTTP/1.1" 200 -
1.0.0.127.in-addr.arpa - - [19/Aug/2013 20:52:28] "GET /bower_components/bootstrap-sass/js/bootstrap-affix.js HTTP/1.1" 200 -
1.0.0.127.in-addr.arpa - - [19/Aug/2013 20:52:28] "GET /bower_components/bootstrap-sass/js/bootstrap-alert.js HTTP/1.1" 200 -
1.0.0.127.in-addr.arpa - - [19/Aug/2013 20:52:28] "GET /bower_components/bootstrap-sass/js/bootstrap-dropdown.js HTTP/1.1" 200 -
1.0.0.127.in-addr.arpa - - [19/Aug/2013 20:52:28] "GET /bower_components/bootstrap-sass/js/bootstrap-tooltip.js HTTP/1.1" 200 -
1.0.0.127.in-addr.arpa - - [19/Aug/2013 20:52:28] "GET /bower_components/bootstrap-sass/js/bootstrap-modal.js HTTP/1.1" 200 -
1.0.0.127.in-addr.arpa - - [19/Aug/2013 20:52:28] "GET /bower_components/bootstrap-sass/js/bootstrap-transition.js HTTP/1.1" 200 -
1.0.0.127.in-addr.arpa - - [19/Aug/2013 20:52:28] "GET /bower_components/bootstrap-sass/js/bootstrap-button.js HTTP/1.1" 200 -
1.0.0.127.in-addr.arpa - - [19/Aug/2013 20:52:28] "GET /bower_components/bootstrap-sass/js/bootstrap-popover.js HTTP/1.1" 200 -
1.0.0.127.in-addr.arpa - - [19/Aug/2013 20:52:28] "GET /bower_components/bootstrap-sass/js/bootstrap-typeahead.js HTTP/1.1" 200 -
1.0.0.127.in-addr.arpa - - [19/Aug/2013 20:52:28] "GET /bower_components/bootstrap-sass/js/bootstrap-carousel.js HTTP/1.1" 200 -
1.0.0.127.in-addr.arpa - - [19/Aug/2013 20:52:28] "GET /bower_components/bootstrap-sass/js/bootstrap-scrollspy.js HTTP/1.1" 200 -
1.0.0.127.in-addr.arpa - - [19/Aug/2013 20:52:28] "GET /bower_components/bootstrap-sass/js/bootstrap-collapse.js HTTP/1.1" 200 -
1.0.0.127.in-addr.arpa - - [19/Aug/2013 20:52:28] "GET /bower_components/bootstrap-sass/js/bootstrap-tab.js HTTP/1.1" 200 -
1.0.0.127.in-addr.arpa - - [19/Aug/2013 20:52:28] "GET /bower_components/angular-cookies/angular-cookies.js HTTP/1.1" 200 -
1.0.0.127.in-addr.arpa - - [19/Aug/2013 20:52:28] "GET /bower_components/angular-sanitize/angular-sanitize.js HTTP/1.1" 200 -
1.0.0.127.in-addr.arpa - - [19/Aug/2013 20:52:28] "GET /bower_components/angular-resource/angular-resource.js HTTP/1.1" 200 -
1.0.0.127.in-addr.arpa - - [19/Aug/2013 20:52:28] "GET /views/main.html HTTP/1.1" 200 -
1.0.0.127.in-addr.arpa - - [19/Aug/2013 20:52:32] "GET / HTTP/1.1" 200 -
1.0.0.127.in-addr.arpa - - [19/Aug/2013 20:52:32] code 404, message File not found
1.0.0.127.in-addr.arpa - - [19/Aug/2013 20:52:32] "GET /styles/main.css HTTP/1.1" 404 -
1.0.0.127.in-addr.arpa - - [19/Aug/2013 20:52:32] "GET /bower_components/angular/angular.js HTTP/1.1" 200 -
1.0.0.127.in-addr.arpa - - [19/Aug/2013 20:52:32] "GET /scripts/app.js HTTP/1.1" 200 -
1.0.0.127.in-addr.arpa - - [19/Aug/2013 20:52:32] "GET /scripts/controllers/main.js HTTP/1.1" 200 -
1.0.0.127.in-addr.arpa - - [19/Aug/2013 20:52:32] "GET /scripts/directives/main.js HTTP/1.1" 200 -
1.0.0.127.in-addr.arpa - - [19/Aug/2013 20:52:32] "GET /bower_components/jquery/jquery.js HTTP/1.1" 200 -
1.0.0.127.in-addr.arpa - - [19/Aug/2013 20:52:32] "GET /bower_components/bootstrap-sass/js/bootstrap-affix.js HTTP/1.1" 200 -
1.0.0.127.in-addr.arpa - - [19/Aug/2013 20:52:32] "GET /bower_components/bootstrap-sass/js/bootstrap-alert.js HTTP/1.1" 200 -
1.0.0.127.in-addr.arpa - - [19/Aug/2013 20:52:32] "GET /bower_components/bootstrap-sass/js/bootstrap-dropdown.js HTTP/1.1" 200 -
1.0.0.127.in-addr.arpa - - [19/Aug/2013 20:52:32] "GET /bower_components/bootstrap-sass/js/bootstrap-tooltip.js HTTP/1.1" 200 -
1.0.0.127.in-addr.arpa - - [19/Aug/2013 20:52:33] "GET /bower_components/bootstrap-sass/js/bootstrap-modal.js HTTP/1.1" 200 -
1.0.0.127.in-addr.arpa - - [19/Aug/2013 20:52:33] "GET /bower_components/bootstrap-sass/js/bootstrap-transition.js HTTP/1.1" 200 -
1.0.0.127.in-addr.arpa - - [19/Aug/2013 20:52:33] "GET /bower_components/bootstrap-sass/js/bootstrap-button.js HTTP/1.1" 200 -
1.0.0.127.in-addr.arpa - - [19/Aug/2013 20:52:33] "GET /bower_components/bootstrap-sass/js/bootstrap-popover.js HTTP/1.1" 200 -
1.0.0.127.in-addr.arpa - - [19/Aug/2013 20:52:33] "GET /bower_components/bootstrap-sass/js/bootstrap-typeahead.js HTTP/1.1" 200 -
1.0.0.127.in-addr.arpa - - [19/Aug/2013 20:52:33] "GET /bower_components/bootstrap-sass/js/bootstrap-carousel.js HTTP/1.1" 200 -
1.0.0.127.in-addr.arpa - - [19/Aug/2013 20:52:33] "GET /bower_components/bootstrap-sass/js/bootstrap-scrollspy.js HTTP/1.1" 200 -
1.0.0.127.in-addr.arpa - - [19/Aug/2013 20:52:33] "GET /bower_components/bootstrap-sass/js/bootstrap-collapse.js HTTP/1.1" 200 -
1.0.0.127.in-addr.arpa - - [19/Aug/2013 20:52:33] "GET /bower_components/bootstrap-sass/js/bootstrap-tab.js HTTP/1.1" 200 -
1.0.0.127.in-addr.arpa - - [19/Aug/2013 20:52:33] "GET /bower_components/angular-cookies/angular-cookies.js HTTP/1.1" 200 -
1.0.0.127.in-addr.arpa - - [19/Aug/2013 20:52:33] "GET /bower_components/angular-sanitize/angular-sanitize.js HTTP/1.1" 200 -
1.0.0.127.in-addr.arpa - - [19/Aug/2013 20:52:33] "GET /bower_components/angular-resource/angular-resource.js HTTP/1.1" 200 -
1.0.0.127.in-addr.arpa - - [19/Aug/2013 20:52:33] "GET /views/main.html HTTP/1.1" 200 -
1.0.0.127.in-addr.arpa - - [19/Aug/2013 20:52:44] "GET / HTTP/1.1" 200 -
1.0.0.127.in-addr.arpa - - [19/Aug/2013 20:52:44] code 404, message File not found
1.0.0.127.in-addr.arpa - - [19/Aug/2013 20:52:44] "GET /styles/main.css HTTP/1.1" 404 -
1.0.0.127.in-addr.arpa - - [19/Aug/2013 20:52:44] "GET /bower_components/angular/angular.js HTTP/1.1" 200 -
1.0.0.127.in-addr.arpa - - [19/Aug/2013 20:52:44] "GET /scripts/app.js HTTP/1.1" 200 -
1.0.0.127.in-addr.arpa - - [19/Aug/2013 20:52:44] "GET /scripts/controllers/main.js HTTP/1.1" 200 -
1.0.0.127.in-addr.arpa - - [19/Aug/2013 20:52:44] "GET /scripts/directives/main.js HTTP/1.1" 200 -
1.0.0.127.in-addr.arpa - - [19/Aug/2013 20:52:44] "GET /bower_components/jquery/jquery.js HTTP/1.1" 200 -
1.0.0.127.in-addr.arpa - - [19/Aug/2013 20:52:44] "GET /bower_components/bootstrap-sass/js/bootstrap-affix.js HTTP/1.1" 200 -
1.0.0.127.in-addr.arpa - - [19/Aug/2013 20:52:44] "GET /bower_components/bootstrap-sass/js/bootstrap-alert.js HTTP/1.1" 200 -
1.0.0.127.in-addr.arpa - - [19/Aug/2013 20:52:44] "GET /bower_components/bootstrap-sass/js/bootstrap-dropdown.js HTTP/1.1" 200 -
1.0.0.127.in-addr.arpa - - [19/Aug/2013 20:52:44] "GET /bower_components/bootstrap-sass/js/bootstrap-tooltip.js HTTP/1.1" 200 -
1.0.0.127.in-addr.arpa - - [19/Aug/2013 20:52:44] "GET /bower_components/bootstrap-sass/js/bootstrap-modal.js HTTP/1.1" 200 -
1.0.0.127.in-addr.arpa - - [19/Aug/2013 20:52:44] "GET /bower_components/bootstrap-sass/js/bootstrap-transition.js HTTP/1.1" 200 -
1.0.0.127.in-addr.arpa - - [19/Aug/2013 20:52:44] "GET /bower_components/bootstrap-sass/js/bootstrap-button.js HTTP/1.1" 200 -
1.0.0.127.in-addr.arpa - - [19/Aug/2013 20:52:44] "GET /bower_components/bootstrap-sass/js/bootstrap-popover.js HTTP/1.1" 200 -
1.0.0.127.in-addr.arpa - - [19/Aug/2013 20:52:44] "GET /bower_components/bootstrap-sass/js/bootstrap-typeahead.js HTTP/1.1" 200 -
1.0.0.127.in-addr.arpa - - [19/Aug/2013 20:52:44] "GET /bower_components/bootstrap-sass/js/bootstrap-carousel.js HTTP/1.1" 200 -
1.0.0.127.in-addr.arpa - - [19/Aug/2013 20:52:44] "GET /bower_components/bootstrap-sass/js/bootstrap-scrollspy.js HTTP/1.1" 200 -
1.0.0.127.in-addr.arpa - - [19/Aug/2013 20:52:44] "GET /bower_components/bootstrap-sass/js/bootstrap-collapse.js HTTP/1.1" 200 -
1.0.0.127.in-addr.arpa - - [19/Aug/2013 20:52:44] "GET /bower_components/bootstrap-sass/js/bootstrap-tab.js HTTP/1.1" 200 -
1.0.0.127.in-addr.arpa - - [19/Aug/2013 20:52:44] "GET /bower_components/angular-cookies/angular-cookies.js HTTP/1.1" 200 -
1.0.0.127.in-addr.arpa - - [19/Aug/2013 20:52:44] "GET /bower_components/angular-sanitize/angular-sanitize.js HTTP/1.1" 200 -
1.0.0.127.in-addr.arpa - - [19/Aug/2013 20:52:44] "GET /bower_components/angular-resource/angular-resource.js HTTP/1.1" 200 -
1.0.0.127.in-addr.arpa - - [19/Aug/2013 20:52:44] "GET /views/main.html HTTP/1.1" 200 -
1.0.0.127.in-addr.arpa - - [19/Aug/2013 20:52:54] "GET / HTTP/1.1" 200 -
1.0.0.127.in-addr.arpa - - [19/Aug/2013 20:52:54] code 404, message File not found
1.0.0.127.in-addr.arpa - - [19/Aug/2013 20:52:54] "GET /styles/main.css HTTP/1.1" 404 -
1.0.0.127.in-addr.arpa - - [19/Aug/2013 20:52:54] "GET /bower_components/angular/angular.js HTTP/1.1" 200 -
1.0.0.127.in-addr.arpa - - [19/Aug/2013 20:52:54] "GET /scripts/app.js HTTP/1.1" 200 -
1.0.0.127.in-addr.arpa - - [19/Aug/2013 20:52:54] "GET /scripts/controllers/main.js HTTP/1.1" 200 -
1.0.0.127.in-addr.arpa - - [19/Aug/2013 20:52:54] "GET /scripts/directives/main.js HTTP/1.1" 200 -
1.0.0.127.in-addr.arpa - - [19/Aug/2013 20:52:54] "GET /bower_components/jquery/jquery.js HTTP/1.1" 200 -
1.0.0.127.in-addr.arpa - - [19/Aug/2013 20:52:54] "GET /bower_components/bootstrap-sass/js/bootstrap-affix.js HTTP/1.1" 200 -
1.0.0.127.in-addr.arpa - - [19/Aug/2013 20:52:54] "GET /bower_components/bootstrap-sass/js/bootstrap-alert.js HTTP/1.1" 200 -
1.0.0.127.in-addr.arpa - - [19/Aug/2013 20:52:54] "GET /bower_components/bootstrap-sass/js/bootstrap-dropdown.js HTTP/1.1" 200 -
1.0.0.127.in-addr.arpa - - [19/Aug/2013 20:52:54] "GET /bower_components/bootstrap-sass/js/bootstrap-tooltip.js HTTP/1.1" 200 -
1.0.0.127.in-addr.arpa - - [19/Aug/2013 20:52:54] "GET /bower_components/bootstrap-sass/js/bootstrap-modal.js HTTP/1.1" 200 -
1.0.0.127.in-addr.arpa - - [19/Aug/2013 20:52:54] "GET /bower_components/bootstrap-sass/js/bootstrap-transition.js HTTP/1.1" 200 -
1.0.0.127.in-addr.arpa - - [19/Aug/2013 20:52:54] "GET /bower_components/bootstrap-sass/js/bootstrap-button.js HTTP/1.1" 200 -
1.0.0.127.in-addr.arpa - - [19/Aug/2013 20:52:54] "GET /bower_components/bootstrap-sass/js/bootstrap-popover.js HTTP/1.1" 200 -
1.0.0.127.in-addr.arpa - - [19/Aug/2013 20:52:54] "GET /bower_components/bootstrap-sass/js/bootstrap-typeahead.js HTTP/1.1" 200 -
1.0.0.127.in-addr.arpa - - [19/Aug/2013 20:52:54] "GET /bower_components/bootstrap-sass/js/bootstrap-carousel.js HTTP/1.1" 200 -
1.0.0.127.in-addr.arpa - - [19/Aug/2013 20:52:54] "GET /bower_components/bootstrap-sass/js/bootstrap-scrollspy.js HTTP/1.1" 200 -
1.0.0.127.in-addr.arpa - - [19/Aug/2013 20:52:54] "GET /bower_components/bootstrap-sass/js/bootstrap-collapse.js HTTP/1.1" 200 -
1.0.0.127.in-addr.arpa - - [19/Aug/2013 20:52:54] "GET /bower_components/bootstrap-sass/js/bootstrap-tab.js HTTP/1.1" 200 -
1.0.0.127.in-addr.arpa - - [19/Aug/2013 20:52:54] "GET /bower_components/angular-cookies/angular-cookies.js HTTP/1.1" 200 -
1.0.0.127.in-addr.arpa - - [19/Aug/2013 20:52:54] "GET /bower_components/angular-sanitize/angular-sanitize.js HTTP/1.1" 200 -
1.0.0.127.in-addr.arpa - - [19/Aug/2013 20:52:54] "GET /bower_components/angular-resource/angular-resource.js HTTP/1.1" 200 -
1.0.0.127.in-addr.arpa - - [19/Aug/2013 20:52:54] "GET /views/main.html HTTP/1.1" 200 -
1.0.0.127.in-addr.arpa - - [19/Aug/2013 21:01:16] "GET / HTTP/1.1" 200 -
1.0.0.127.in-addr.arpa - - [19/Aug/2013 21:01:16] code 404, message File not found
1.0.0.127.in-addr.arpa - - [19/Aug/2013 21:01:16] "GET /styles/main.css HTTP/1.1" 404 -
1.0.0.127.in-addr.arpa - - [19/Aug/2013 21:01:16] "GET /bower_components/angular/angular.js HTTP/1.1" 200 -
1.0.0.127.in-addr.arpa - - [19/Aug/2013 21:01:16] "GET /scripts/app.js HTTP/1.1" 200 -
1.0.0.127.in-addr.arpa - - [19/Aug/2013 21:01:16] "GET /scripts/controllers/main.js HTTP/1.1" 200 -
1.0.0.127.in-addr.arpa - - [19/Aug/2013 21:01:16] "GET /scripts/directives/main.js HTTP/1.1" 200 -
1.0.0.127.in-addr.arpa - - [19/Aug/2013 21:01:16] "GET /bower_components/jquery/jquery.js HTTP/1.1" 200 -
1.0.0.127.in-addr.arpa - - [19/Aug/2013 21:01:16] "GET /bower_components/bootstrap-sass/js/bootstrap-affix.js HTTP/1.1" 200 -
1.0.0.127.in-addr.arpa - - [19/Aug/2013 21:01:16] "GET /bower_components/bootstrap-sass/js/bootstrap-alert.js HTTP/1.1" 200 -
1.0.0.127.in-addr.arpa - - [19/Aug/2013 21:01:16] "GET /bower_components/bootstrap-sass/js/bootstrap-dropdown.js HTTP/1.1" 200 -
1.0.0.127.in-addr.arpa - - [19/Aug/2013 21:01:16] "GET /bower_components/bootstrap-sass/js/bootstrap-tooltip.js HTTP/1.1" 200 -
1.0.0.127.in-addr.arpa - - [19/Aug/2013 21:01:16] "GET /bower_components/bootstrap-sass/js/bootstrap-modal.js HTTP/1.1" 200 -
1.0.0.127.in-addr.arpa - - [19/Aug/2013 21:01:16] "GET /bower_components/bootstrap-sass/js/bootstrap-transition.js HTTP/1.1" 200 -
1.0.0.127.in-addr.arpa - - [19/Aug/2013 21:01:16] "GET /bower_components/bootstrap-sass/js/bootstrap-button.js HTTP/1.1" 200 -
1.0.0.127.in-addr.arpa - - [19/Aug/2013 21:01:16] "GET /bower_components/bootstrap-sass/js/bootstrap-popover.js HTTP/1.1" 200 -
1.0.0.127.in-addr.arpa - - [19/Aug/2013 21:01:16] "GET /bower_components/bootstrap-sass/js/bootstrap-typeahead.js HTTP/1.1" 200 -
1.0.0.127.in-addr.arpa - - [19/Aug/2013 21:01:16] "GET /bower_components/bootstrap-sass/js/bootstrap-carousel.js HTTP/1.1" 200 -
1.0.0.127.in-addr.arpa - - [19/Aug/2013 21:01:16] "GET /bower_components/bootstrap-sass/js/bootstrap-scrollspy.js HTTP/1.1" 200 -
1.0.0.127.in-addr.arpa - - [19/Aug/2013 21:01:16] "GET /bower_components/bootstrap-sass/js/bootstrap-collapse.js HTTP/1.1" 200 -
1.0.0.127.in-addr.arpa - - [19/Aug/2013 21:01:16] "GET /bower_components/bootstrap-sass/js/bootstrap-tab.js HTTP/1.1" 200 -
1.0.0.127.in-addr.arpa - - [19/Aug/2013 21:01:16] "GET /bower_components/angular-resource/angular-resource.js HTTP/1.1" 200 -
1.0.0.127.in-addr.arpa - - [19/Aug/2013 21:01:16] "GET /bower_components/angular-cookies/angular-cookies.js HTTP/1.1" 200 -
1.0.0.127.in-addr.arpa - - [19/Aug/2013 21:01:16] "GET /bower_components/angular-sanitize/angular-sanitize.js HTTP/1.1" 200 -
1.0.0.127.in-addr.arpa - - [19/Aug/2013 21:01:16] "GET /views/main.html HTTP/1.1" 200 -
1.0.0.127.in-addr.arpa - - [19/Aug/2013 21:03:55] "GET / HTTP/1.1" 200 -
1.0.0.127.in-addr.arpa - - [19/Aug/2013 21:03:55] code 404, message File not found
1.0.0.127.in-addr.arpa - - [19/Aug/2013 21:03:55] "GET /styles/main.css HTTP/1.1" 404 -
1.0.0.127.in-addr.arpa - - [19/Aug/2013 21:03:55] "GET /bower_components/angular/angular.js HTTP/1.1" 200 -
1.0.0.127.in-addr.arpa - - [19/Aug/2013 21:03:55] "GET /scripts/app.js HTTP/1.1" 200 -
1.0.0.127.in-addr.arpa - - [19/Aug/2013 21:03:55] "GET /scripts/controllers/main.js HTTP/1.1" 200 -
1.0.0.127.in-addr.arpa - - [19/Aug/2013 21:03:55] "GET /scripts/directives/main.js HTTP/1.1" 200 -
1.0.0.127.in-addr.arpa - - [19/Aug/2013 21:03:55] "GET /bower_components/jquery/jquery.js HTTP/1.1" 200 -
1.0.0.127.in-addr.arpa - - [19/Aug/2013 21:03:55] "GET /bower_components/bootstrap-sass/js/bootstrap-affix.js HTTP/1.1" 200 -
1.0.0.127.in-addr.arpa - - [19/Aug/2013 21:03:55] "GET /bower_components/bootstrap-sass/js/bootstrap-alert.js HTTP/1.1" 200 -
1.0.0.127.in-addr.arpa - - [19/Aug/2013 21:03:55] "GET /bower_components/bootstrap-sass/js/bootstrap-dropdown.js HTTP/1.1" 200 -
1.0.0.127.in-addr.arpa - - [19/Aug/2013 21:03:55] "GET /bower_components/bootstrap-sass/js/bootstrap-tooltip.js HTTP/1.1" 200 -
1.0.0.127.in-addr.arpa - - [19/Aug/2013 21:03:55] "GET /bower_components/bootstrap-sass/js/bootstrap-modal.js HTTP/1.1" 200 -
1.0.0.127.in-addr.arpa - - [19/Aug/2013 21:03:55] "GET /bower_components/bootstrap-sass/js/bootstrap-transition.js HTTP/1.1" 200 -
1.0.0.127.in-addr.arpa - - [19/Aug/2013 21:03:55] "GET /bower_components/bootstrap-sass/js/bootstrap-button.js HTTP/1.1" 200 -
1.0.0.127.in-addr.arpa - - [19/Aug/2013 21:03:55] "GET /bower_components/bootstrap-sass/js/bootstrap-popover.js HTTP/1.1" 200 -
1.0.0.127.in-addr.arpa - - [19/Aug/2013 21:03:55] "GET /bower_components/bootstrap-sass/js/bootstrap-typeahead.js HTTP/1.1" 200 -
1.0.0.127.in-addr.arpa - - [19/Aug/2013 21:03:55] "GET /bower_components/bootstrap-sass/js/bootstrap-carousel.js HTTP/1.1" 200 -
1.0.0.127.in-addr.arpa - - [19/Aug/2013 21:03:55] "GET /bower_components/bootstrap-sass/js/bootstrap-scrollspy.js HTTP/1.1" 200 -
1.0.0.127.in-addr.arpa - - [19/Aug/2013 21:03:55] "GET /bower_components/bootstrap-sass/js/bootstrap-collapse.js HTTP/1.1" 200 -
1.0.0.127.in-addr.arpa - - [19/Aug/2013 21:03:55] "GET /bower_components/bootstrap-sass/js/bootstrap-tab.js HTTP/1.1" 200 -
1.0.0.127.in-addr.arpa - - [19/Aug/2013 21:03:55] "GET /bower_components/angular-cookies/angular-cookies.js HTTP/1.1" 200 -
1.0.0.127.in-addr.arpa - - [19/Aug/2013 21:03:55] "GET /bower_components/angular-sanitize/angular-sanitize.js HTTP/1.1" 200 -
1.0.0.127.in-addr.arpa - - [19/Aug/2013 21:03:55] "GET /bower_components/angular-resource/angular-resource.js HTTP/1.1" 200 -
1.0.0.127.in-addr.arpa - - [19/Aug/2013 21:03:55] "GET /views/main.html HTTP/1.1" 200 -
1.0.0.127.in-addr.arpa - - [19/Aug/2013 21:04:13] "GET / HTTP/1.1" 200 -
1.0.0.127.in-addr.arpa - - [19/Aug/2013 21:04:13] code 404, message File not found
1.0.0.127.in-addr.arpa - - [19/Aug/2013 21:04:13] "GET /styles/main.css HTTP/1.1" 404 -
1.0.0.127.in-addr.arpa - - [19/Aug/2013 21:04:13] "GET /bower_components/angular/angular.js HTTP/1.1" 200 -
1.0.0.127.in-addr.arpa - - [19/Aug/2013 21:04:13] "GET /scripts/app.js HTTP/1.1" 200 -
1.0.0.127.in-addr.arpa - - [19/Aug/2013 21:04:13] "GET /scripts/controllers/main.js HTTP/1.1" 200 -
1.0.0.127.in-addr.arpa - - [19/Aug/2013 21:04:13] "GET /scripts/directives/main.js HTTP/1.1" 200 -
1.0.0.127.in-addr.arpa - - [19/Aug/2013 21:04:13] "GET /bower_components/jquery/jquery.js HTTP/1.1" 200 -
1.0.0.127.in-addr.arpa - - [19/Aug/2013 21:04:13] "GET /bower_components/bootstrap-sass/js/bootstrap-affix.js HTTP/1.1" 200 -
1.0.0.127.in-addr.arpa - - [19/Aug/2013 21:04:13] "GET /bower_components/bootstrap-sass/js/bootstrap-alert.js HTTP/1.1" 200 -
1.0.0.127.in-addr.arpa - - [19/Aug/2013 21:04:13] "GET /bower_components/bootstrap-sass/js/bootstrap-dropdown.js HTTP/1.1" 200 -
1.0.0.127.in-addr.arpa - - [19/Aug/2013 21:04:13] "GET /bower_components/bootstrap-sass/js/bootstrap-tooltip.js HTTP/1.1" 200 -
1.0.0.127.in-addr.arpa - - [19/Aug/2013 21:04:13] "GET /bower_components/bootstrap-sass/js/bootstrap-modal.js HTTP/1.1" 200 -
1.0.0.127.in-addr.arpa - - [19/Aug/2013 21:04:13] "GET /bower_components/bootstrap-sass/js/bootstrap-transition.js HTTP/1.1" 200 -
1.0.0.127.in-addr.arpa - - [19/Aug/2013 21:04:13] "GET /bower_components/bootstrap-sass/js/bootstrap-button.js HTTP/1.1" 200 -
1.0.0.127.in-addr.arpa - - [19/Aug/2013 21:04:13] "GET /bower_components/bootstrap-sass/js/bootstrap-popover.js HTTP/1.1" 200 -
1.0.0.127.in-addr.arpa - - [19/Aug/2013 21:04:13] "GET /bower_components/bootstrap-sass/js/bootstrap-typeahead.js HTTP/1.1" 200 -
1.0.0.127.in-addr.arpa - - [19/Aug/2013 21:04:13] "GET /bower_components/bootstrap-sass/js/bootstrap-carousel.js HTTP/1.1" 200 -
1.0.0.127.in-addr.arpa - - [19/Aug/2013 21:04:13] "GET /bower_components/bootstrap-sass/js/bootstrap-scrollspy.js HTTP/1.1" 200 -
1.0.0.127.in-addr.arpa - - [19/Aug/2013 21:04:13] "GET /bower_components/bootstrap-sass/js/bootstrap-collapse.js HTTP/1.1" 200 -
1.0.0.127.in-addr.arpa - - [19/Aug/2013 21:04:13] "GET /bower_components/bootstrap-sass/js/bootstrap-tab.js HTTP/1.1" 200 -
1.0.0.127.in-addr.arpa - - [19/Aug/2013 21:04:13] "GET /bower_components/angular-cookies/angular-cookies.js HTTP/1.1" 200 -
1.0.0.127.in-addr.arpa - - [19/Aug/2013 21:04:13] "GET /bower_components/angular-sanitize/angular-sanitize.js HTTP/1.1" 200 -
1.0.0.127.in-addr.arpa - - [19/Aug/2013 21:04:13] "GET /bower_components/angular-resource/angular-resource.js HTTP/1.1" 200 -
1.0.0.127.in-addr.arpa - - [19/Aug/2013 21:04:13] "GET /views/main.html HTTP/1.1" 200 -
1.0.0.127.in-addr.arpa - - [19/Aug/2013 21:04:25] "GET / HTTP/1.1" 200 -
1.0.0.127.in-addr.arpa - - [19/Aug/2013 21:04:25] code 404, message File not found
1.0.0.127.in-addr.arpa - - [19/Aug/2013 21:04:25] "GET /styles/main.css HTTP/1.1" 404 -
1.0.0.127.in-addr.arpa - - [19/Aug/2013 21:04:25] "GET /bower_components/angular/angular.js HTTP/1.1" 200 -
1.0.0.127.in-addr.arpa - - [19/Aug/2013 21:04:25] "GET /scripts/app.js HTTP/1.1" 200 -
1.0.0.127.in-addr.arpa - - [19/Aug/2013 21:04:25] "GET /scripts/controllers/main.js HTTP/1.1" 200 -
1.0.0.127.in-addr.arpa - - [19/Aug/2013 21:04:25] "GET /scripts/directives/main.js HTTP/1.1" 200 -
1.0.0.127.in-addr.arpa - - [19/Aug/2013 21:04:25] "GET /bower_components/jquery/jquery.js HTTP/1.1" 200 -
1.0.0.127.in-addr.arpa - - [19/Aug/2013 21:04:25] "GET /bower_components/bootstrap-sass/js/bootstrap-affix.js HTTP/1.1" 200 -
1.0.0.127.in-addr.arpa - - [19/Aug/2013 21:04:25] "GET /bower_components/bootstrap-sass/js/bootstrap-alert.js HTTP/1.1" 200 -
1.0.0.127.in-addr.arpa - - [19/Aug/2013 21:04:25] "GET /bower_components/bootstrap-sass/js/bootstrap-dropdown.js HTTP/1.1" 200 -
1.0.0.127.in-addr.arpa - - [19/Aug/2013 21:04:25] "GET /bower_components/bootstrap-sass/js/bootstrap-tooltip.js HTTP/1.1" 200 -
1.0.0.127.in-addr.arpa - - [19/Aug/2013 21:04:25] "GET /bower_components/bootstrap-sass/js/bootstrap-modal.js HTTP/1.1" 200 -
1.0.0.127.in-addr.arpa - - [19/Aug/2013 21:04:25] "GET /bower_components/bootstrap-sass/js/bootstrap-transition.js HTTP/1.1" 200 -
1.0.0.127.in-addr.arpa - - [19/Aug/2013 21:04:25] "GET /bower_components/bootstrap-sass/js/bootstrap-button.js HTTP/1.1" 200 -
1.0.0.127.in-addr.arpa - - [19/Aug/2013 21:04:25] "GET /bower_components/bootstrap-sass/js/bootstrap-popover.js HTTP/1.1" 200 -
1.0.0.127.in-addr.arpa - - [19/Aug/2013 21:04:25] "GET /bower_components/bootstrap-sass/js/bootstrap-typeahead.js HTTP/1.1" 200 -
1.0.0.127.in-addr.arpa - - [19/Aug/2013 21:04:25] "GET /bower_components/bootstrap-sass/js/bootstrap-carousel.js HTTP/1.1" 200 -
1.0.0.127.in-addr.arpa - - [19/Aug/2013 21:04:25] "GET /bower_components/bootstrap-sass/js/bootstrap-scrollspy.js HTTP/1.1" 200 -
1.0.0.127.in-addr.arpa - - [19/Aug/2013 21:04:25] "GET /bower_components/bootstrap-sass/js/bootstrap-collapse.js HTTP/1.1" 200 -
1.0.0.127.in-addr.arpa - - [19/Aug/2013 21:04:25] "GET /bower_components/bootstrap-sass/js/bootstrap-tab.js HTTP/1.1" 200 -
1.0.0.127.in-addr.arpa - - [19/Aug/2013 21:04:25] "GET /bower_components/angular-cookies/angular-cookies.js HTTP/1.1" 200 -
1.0.0.127.in-addr.arpa - - [19/Aug/2013 21:04:25] "GET /bower_components/angular-sanitize/angular-sanitize.js HTTP/1.1" 200 -
1.0.0.127.in-addr.arpa - - [19/Aug/2013 21:04:25] "GET /bower_components/angular-resource/angular-resource.js HTTP/1.1" 200 -
1.0.0.127.in-addr.arpa - - [19/Aug/2013 21:04:25] "GET /views/main.html HTTP/1.1" 200 -
1.0.0.127.in-addr.arpa - - [19/Aug/2013 21:04:34] "GET / HTTP/1.1" 200 -
1.0.0.127.in-addr.arpa - - [19/Aug/2013 21:04:34] code 404, message File not found
1.0.0.127.in-addr.arpa - - [19/Aug/2013 21:04:34] "GET /styles/main.css HTTP/1.1" 404 -
1.0.0.127.in-addr.arpa - - [19/Aug/2013 21:04:34] "GET /bower_components/angular/angular.js HTTP/1.1" 200 -
1.0.0.127.in-addr.arpa - - [19/Aug/2013 21:04:34] "GET /scripts/app.js HTTP/1.1" 200 -
1.0.0.127.in-addr.arpa - - [19/Aug/2013 21:04:34] "GET /scripts/controllers/main.js HTTP/1.1" 200 -
1.0.0.127.in-addr.arpa - - [19/Aug/2013 21:04:34] "GET /scripts/directives/main.js HTTP/1.1" 200 -
1.0.0.127.in-addr.arpa - - [19/Aug/2013 21:04:34] "GET /bower_components/jquery/jquery.js HTTP/1.1" 200 -
1.0.0.127.in-addr.arpa - - [19/Aug/2013 21:04:34] "GET /bower_components/bootstrap-sass/js/bootstrap-affix.js HTTP/1.1" 200 -
1.0.0.127.in-addr.arpa - - [19/Aug/2013 21:04:34] "GET /bower_components/bootstrap-sass/js/bootstrap-alert.js HTTP/1.1" 200 -
1.0.0.127.in-addr.arpa - - [19/Aug/2013 21:04:34] "GET /bower_components/bootstrap-sass/js/bootstrap-dropdown.js HTTP/1.1" 200 -
1.0.0.127.in-addr.arpa - - [19/Aug/2013 21:04:34] "GET /bower_components/bootstrap-sass/js/bootstrap-tooltip.js HTTP/1.1" 200 -
1.0.0.127.in-addr.arpa - - [19/Aug/2013 21:04:34] "GET /bower_components/bootstrap-sass/js/bootstrap-modal.js HTTP/1.1" 200 -
1.0.0.127.in-addr.arpa - - [19/Aug/2013 21:04:34] "GET /bower_components/bootstrap-sass/js/bootstrap-transition.js HTTP/1.1" 200 -
1.0.0.127.in-addr.arpa - - [19/Aug/2013 21:04:34] "GET /bower_components/bootstrap-sass/js/bootstrap-button.js HTTP/1.1" 200 -
1.0.0.127.in-addr.arpa - - [19/Aug/2013 21:04:34] "GET /bower_components/bootstrap-sass/js/bootstrap-popover.js HTTP/1.1" 200 -
1.0.0.127.in-addr.arpa - - [19/Aug/2013 21:04:34] "GET /bower_components/bootstrap-sass/js/bootstrap-typeahead.js HTTP/1.1" 200 -
1.0.0.127.in-addr.arpa - - [19/Aug/2013 21:04:34] "GET /bower_components/bootstrap-sass/js/bootstrap-carousel.js HTTP/1.1" 200 -
1.0.0.127.in-addr.arpa - - [19/Aug/2013 21:04:34] "GET /bower_components/bootstrap-sass/js/bootstrap-scrollspy.js HTTP/1.1" 200 -
1.0.0.127.in-addr.arpa - - [19/Aug/2013 21:04:34] "GET /bower_components/bootstrap-sass/js/bootstrap-collapse.js HTTP/1.1" 200 -
1.0.0.127.in-addr.arpa - - [19/Aug/2013 21:04:34] "GET /bower_components/bootstrap-sass/js/bootstrap-tab.js HTTP/1.1" 200 -
1.0.0.127.in-addr.arpa - - [19/Aug/2013 21:04:34] "GET /bower_components/angular-resource/angular-resource.js HTTP/1.1" 200 -
1.0.0.127.in-addr.arpa - - [19/Aug/2013 21:04:34] "GET /bower_components/angular-cookies/angular-cookies.js HTTP/1.1" 200 -
1.0.0.127.in-addr.arpa - - [19/Aug/2013 21:04:34] "GET /bower_components/angular-sanitize/angular-sanitize.js HTTP/1.1" 200 -
1.0.0.127.in-addr.arpa - - [19/Aug/2013 21:04:34] "GET /views/main.html HTTP/1.1" 200 -
1.0.0.127.in-addr.arpa - - [19/Aug/2013 21:05:08] "GET / HTTP/1.1" 200 -
1.0.0.127.in-addr.arpa - - [19/Aug/2013 21:05:08] code 404, message File not found
1.0.0.127.in-addr.arpa - - [19/Aug/2013 21:05:08] "GET /styles/main.css HTTP/1.1" 404 -
1.0.0.127.in-addr.arpa - - [19/Aug/2013 21:05:08] "GET /bower_components/angular/angular.js HTTP/1.1" 200 -
1.0.0.127.in-addr.arpa - - [19/Aug/2013 21:05:08] "GET /scripts/app.js HTTP/1.1" 200 -
1.0.0.127.in-addr.arpa - - [19/Aug/2013 21:05:08] "GET /scripts/controllers/main.js HTTP/1.1" 200 -
1.0.0.127.in-addr.arpa - - [19/Aug/2013 21:05:08] "GET /scripts/directives/main.js HTTP/1.1" 200 -
1.0.0.127.in-addr.arpa - - [19/Aug/2013 21:05:08] "GET /bower_components/jquery/jquery.js HTTP/1.1" 200 -
1.0.0.127.in-addr.arpa - - [19/Aug/2013 21:05:08] "GET /bower_components/bootstrap-sass/js/bootstrap-affix.js HTTP/1.1" 200 -
1.0.0.127.in-addr.arpa - - [19/Aug/2013 21:05:08] "GET /bower_components/bootstrap-sass/js/bootstrap-alert.js HTTP/1.1" 200 -
1.0.0.127.in-addr.arpa - - [19/Aug/2013 21:05:08] "GET /bower_components/bootstrap-sass/js/bootstrap-dropdown.js HTTP/1.1" 200 -
1.0.0.127.in-addr.arpa - - [19/Aug/2013 21:05:08] "GET /bower_components/bootstrap-sass/js/bootstrap-tooltip.js HTTP/1.1" 200 -
1.0.0.127.in-addr.arpa - - [19/Aug/2013 21:05:08] "GET /bower_components/bootstrap-sass/js/bootstrap-modal.js HTTP/1.1" 200 -
1.0.0.127.in-addr.arpa - - [19/Aug/2013 21:05:08] "GET /bower_components/bootstrap-sass/js/bootstrap-transition.js HTTP/1.1" 200 -
1.0.0.127.in-addr.arpa - - [19/Aug/2013 21:05:08] "GET /bower_components/bootstrap-sass/js/bootstrap-button.js HTTP/1.1" 200 -
1.0.0.127.in-addr.arpa - - [19/Aug/2013 21:05:08] "GET /bower_components/bootstrap-sass/js/bootstrap-popover.js HTTP/1.1" 200 -
1.0.0.127.in-addr.arpa - - [19/Aug/2013 21:05:08] "GET /bower_components/bootstrap-sass/js/bootstrap-typeahead.js HTTP/1.1" 200 -
1.0.0.127.in-addr.arpa - - [19/Aug/2013 21:05:08] "GET /bower_components/bootstrap-sass/js/bootstrap-carousel.js HTTP/1.1" 200 -
1.0.0.127.in-addr.arpa - - [19/Aug/2013 21:05:08] "GET /bower_components/bootstrap-sass/js/bootstrap-scrollspy.js HTTP/1.1" 200 -
1.0.0.127.in-addr.arpa - - [19/Aug/2013 21:05:08] "GET /bower_components/bootstrap-sass/js/bootstrap-collapse.js HTTP/1.1" 200 -
1.0.0.127.in-addr.arpa - - [19/Aug/2013 21:05:08] "GET /bower_components/bootstrap-sass/js/bootstrap-tab.js HTTP/1.1" 200 -
1.0.0.127.in-addr.arpa - - [19/Aug/2013 21:05:08] "GET /bower_components/angular-cookies/angular-cookies.js HTTP/1.1" 200 -
1.0.0.127.in-addr.arpa - - [19/Aug/2013 21:05:08] "GET /bower_components/angular-sanitize/angular-sanitize.js HTTP/1.1" 200 -
1.0.0.127.in-addr.arpa - - [19/Aug/2013 21:05:08] "GET /bower_components/angular-resource/angular-resource.js HTTP/1.1" 200 -
1.0.0.127.in-addr.arpa - - [19/Aug/2013 21:05:08] "GET /views/main.html HTTP/1.1" 200 -
1.0.0.127.in-addr.arpa - - [19/Aug/2013 21:05:38] "GET / HTTP/1.1" 200 -
1.0.0.127.in-addr.arpa - - [19/Aug/2013 21:05:38] code 404, message File not found
1.0.0.127.in-addr.arpa - - [19/Aug/2013 21:05:38] "GET /styles/main.css HTTP/1.1" 404 -
1.0.0.127.in-addr.arpa - - [19/Aug/2013 21:05:38] "GET /bower_components/angular/angular.js HTTP/1.1" 200 -
1.0.0.127.in-addr.arpa - - [19/Aug/2013 21:05:38] "GET /scripts/app.js HTTP/1.1" 200 -
1.0.0.127.in-addr.arpa - - [19/Aug/2013 21:05:38] "GET /scripts/controllers/main.js HTTP/1.1" 200 -
1.0.0.127.in-addr.arpa - - [19/Aug/2013 21:05:38] "GET /scripts/directives/main.js HTTP/1.1" 200 -
1.0.0.127.in-addr.arpa - - [19/Aug/2013 21:05:38] "GET /bower_components/jquery/jquery.js HTTP/1.1" 200 -
1.0.0.127.in-addr.arpa - - [19/Aug/2013 21:05:38] "GET /bower_components/bootstrap-sass/js/bootstrap-affix.js HTTP/1.1" 200 -
1.0.0.127.in-addr.arpa - - [19/Aug/2013 21:05:38] "GET /bower_components/bootstrap-sass/js/bootstrap-alert.js HTTP/1.1" 200 -
1.0.0.127.in-addr.arpa - - [19/Aug/2013 21:05:38] "GET /bower_components/bootstrap-sass/js/bootstrap-dropdown.js HTTP/1.1" 200 -
1.0.0.127.in-addr.arpa - - [19/Aug/2013 21:05:38] "GET /bower_components/bootstrap-sass/js/bootstrap-tooltip.js HTTP/1.1" 200 -
1.0.0.127.in-addr.arpa - - [19/Aug/2013 21:05:38] "GET /bower_components/bootstrap-sass/js/bootstrap-modal.js HTTP/1.1" 200 -
1.0.0.127.in-addr.arpa - - [19/Aug/2013 21:05:38] "GET /bower_components/bootstrap-sass/js/bootstrap-transition.js HTTP/1.1" 200 -
1.0.0.127.in-addr.arpa - - [19/Aug/2013 21:05:38] "GET /bower_components/bootstrap-sass/js/bootstrap-button.js HTTP/1.1" 200 -
1.0.0.127.in-addr.arpa - - [19/Aug/2013 21:05:38] "GET /bower_components/bootstrap-sass/js/bootstrap-popover.js HTTP/1.1" 200 -
1.0.0.127.in-addr.arpa - - [19/Aug/2013 21:05:38] "GET /bower_components/bootstrap-sass/js/bootstrap-typeahead.js HTTP/1.1" 200 -
1.0.0.127.in-addr.arpa - - [19/Aug/2013 21:05:38] "GET /bower_components/bootstrap-sass/js/bootstrap-carousel.js HTTP/1.1" 200 -
1.0.0.127.in-addr.arpa - - [19/Aug/2013 21:05:38] "GET /bower_components/bootstrap-sass/js/bootstrap-scrollspy.js HTTP/1.1" 200 -
1.0.0.127.in-addr.arpa - - [19/Aug/2013 21:05:38] "GET /bower_components/bootstrap-sass/js/bootstrap-collapse.js HTTP/1.1" 200 -
1.0.0.127.in-addr.arpa - - [19/Aug/2013 21:05:38] "GET /bower_components/bootstrap-sass/js/bootstrap-tab.js HTTP/1.1" 200 -
1.0.0.127.in-addr.arpa - - [19/Aug/2013 21:05:38] "GET /bower_components/angular-cookies/angular-cookies.js HTTP/1.1" 200 -
1.0.0.127.in-addr.arpa - - [19/Aug/2013 21:05:38] "GET /bower_components/angular-sanitize/angular-sanitize.js HTTP/1.1" 200 -
1.0.0.127.in-addr.arpa - - [19/Aug/2013 21:05:38] "GET /bower_components/angular-resource/angular-resource.js HTTP/1.1" 200 -
1.0.0.127.in-addr.arpa - - [19/Aug/2013 21:05:38] "GET /views/main.html HTTP/1.1" 200 -
1.0.0.127.in-addr.arpa - - [19/Aug/2013 21:08:11] "GET / HTTP/1.1" 200 -
1.0.0.127.in-addr.arpa - - [19/Aug/2013 21:08:12] code 404, message File not found
1.0.0.127.in-addr.arpa - - [19/Aug/2013 21:08:12] "GET /styles/main.css HTTP/1.1" 404 -
1.0.0.127.in-addr.arpa - - [19/Aug/2013 21:08:12] "GET /bower_components/angular/angular.js HTTP/1.1" 200 -
1.0.0.127.in-addr.arpa - - [19/Aug/2013 21:08:12] "GET /scripts/app.js HTTP/1.1" 200 -
1.0.0.127.in-addr.arpa - - [19/Aug/2013 21:08:12] "GET /scripts/controllers/main.js HTTP/1.1" 200 -
1.0.0.127.in-addr.arpa - - [19/Aug/2013 21:08:12] "GET /scripts/directives/main.js HTTP/1.1" 200 -
1.0.0.127.in-addr.arpa - - [19/Aug/2013 21:08:12] "GET /bower_components/jquery/jquery.js HTTP/1.1" 200 -
1.0.0.127.in-addr.arpa - - [19/Aug/2013 21:08:12] "GET /bower_components/bootstrap-sass/js/bootstrap-affix.js HTTP/1.1" 200 -
1.0.0.127.in-addr.arpa - - [19/Aug/2013 21:08:12] "GET /bower_components/bootstrap-sass/js/bootstrap-alert.js HTTP/1.1" 200 -
1.0.0.127.in-addr.arpa - - [19/Aug/2013 21:08:12] "GET /bower_components/bootstrap-sass/js/bootstrap-dropdown.js HTTP/1.1" 200 -
1.0.0.127.in-addr.arpa - - [19/Aug/2013 21:08:12] "GET /bower_components/bootstrap-sass/js/bootstrap-tooltip.js HTTP/1.1" 200 -
1.0.0.127.in-addr.arpa - - [19/Aug/2013 21:08:12] "GET /bower_components/bootstrap-sass/js/bootstrap-modal.js HTTP/1.1" 200 -
1.0.0.127.in-addr.arpa - - [19/Aug/2013 21:08:12] "GET /bower_components/bootstrap-sass/js/bootstrap-transition.js HTTP/1.1" 200 -
1.0.0.127.in-addr.arpa - - [19/Aug/2013 21:08:12] "GET /bower_components/bootstrap-sass/js/bootstrap-button.js HTTP/1.1" 200 -
1.0.0.127.in-addr.arpa - - [19/Aug/2013 21:08:12] "GET /bower_components/bootstrap-sass/js/bootstrap-popover.js HTTP/1.1" 200 -
1.0.0.127.in-addr.arpa - - [19/Aug/2013 21:08:12] "GET /bower_components/bootstrap-sass/js/bootstrap-typeahead.js HTTP/1.1" 200 -
1.0.0.127.in-addr.arpa - - [19/Aug/2013 21:08:12] "GET /bower_components/bootstrap-sass/js/bootstrap-carousel.js HTTP/1.1" 200 -
1.0.0.127.in-addr.arpa - - [19/Aug/2013 21:08:12] "GET /bower_components/bootstrap-sass/js/bootstrap-scrollspy.js HTTP/1.1" 200 -
1.0.0.127.in-addr.arpa - - [19/Aug/2013 21:08:12] "GET /bower_components/bootstrap-sass/js/bootstrap-collapse.js HTTP/1.1" 200 -
1.0.0.127.in-addr.arpa - - [19/Aug/2013 21:08:12] "GET /bower_components/bootstrap-sass/js/bootstrap-tab.js HTTP/1.1" 200 -
1.0.0.127.in-addr.arpa - - [19/Aug/2013 21:08:12] "GET /bower_components/angular-cookies/angular-cookies.js HTTP/1.1" 200 -
1.0.0.127.in-addr.arpa - - [19/Aug/2013 21:08:12] "GET /bower_components/angular-sanitize/angular-sanitize.js HTTP/1.1" 200 -
1.0.0.127.in-addr.arpa - - [19/Aug/2013 21:08:12] "GET /bower_components/angular-resource/angular-resource.js HTTP/1.1" 200 -
1.0.0.127.in-addr.arpa - - [19/Aug/2013 21:08:12] "GET /views/main.html HTTP/1.1" 200 -
1.0.0.127.in-addr.arpa - - [19/Aug/2013 21:08:52] "GET / HTTP/1.1" 200 -
1.0.0.127.in-addr.arpa - - [19/Aug/2013 21:08:52] code 404, message File not found
1.0.0.127.in-addr.arpa - - [19/Aug/2013 21:08:52] "GET /styles/main.css HTTP/1.1" 404 -
1.0.0.127.in-addr.arpa - - [19/Aug/2013 21:08:52] "GET /bower_components/angular/angular.js HTTP/1.1" 200 -
1.0.0.127.in-addr.arpa - - [19/Aug/2013 21:08:52] "GET /scripts/app.js HTTP/1.1" 200 -
1.0.0.127.in-addr.arpa - - [19/Aug/2013 21:08:52] "GET /scripts/controllers/main.js HTTP/1.1" 200 -
1.0.0.127.in-addr.arpa - - [19/Aug/2013 21:08:52] "GET /scripts/directives/main.js HTTP/1.1" 200 -
1.0.0.127.in-addr.arpa - - [19/Aug/2013 21:08:52] "GET /bower_components/jquery/jquery.js HTTP/1.1" 200 -
1.0.0.127.in-addr.arpa - - [19/Aug/2013 21:08:52] "GET /bower_components/bootstrap-sass/js/bootstrap-affix.js HTTP/1.1" 200 -
1.0.0.127.in-addr.arpa - - [19/Aug/2013 21:08:52] "GET /bower_components/bootstrap-sass/js/bootstrap-alert.js HTTP/1.1" 200 -
1.0.0.127.in-addr.arpa - - [19/Aug/2013 21:08:52] "GET /bower_components/bootstrap-sass/js/bootstrap-dropdown.js HTTP/1.1" 200 -
1.0.0.127.in-addr.arpa - - [19/Aug/2013 21:08:52] "GET /bower_components/bootstrap-sass/js/bootstrap-tooltip.js HTTP/1.1" 200 -
1.0.0.127.in-addr.arpa - - [19/Aug/2013 21:08:52] "GET /bower_components/bootstrap-sass/js/bootstrap-modal.js HTTP/1.1" 200 -
1.0.0.127.in-addr.arpa - - [19/Aug/2013 21:08:52] "GET /bower_components/bootstrap-sass/js/bootstrap-transition.js HTTP/1.1" 200 -
1.0.0.127.in-addr.arpa - - [19/Aug/2013 21:08:52] "GET /bower_components/bootstrap-sass/js/bootstrap-button.js HTTP/1.1" 200 -
1.0.0.127.in-addr.arpa - - [19/Aug/2013 21:08:52] "GET /bower_components/bootstrap-sass/js/bootstrap-popover.js HTTP/1.1" 200 -
1.0.0.127.in-addr.arpa - - [19/Aug/2013 21:08:52] "GET /bower_components/bootstrap-sass/js/bootstrap-typeahead.js HTTP/1.1" 200 -
1.0.0.127.in-addr.arpa - - [19/Aug/2013 21:08:52] "GET /bower_components/bootstrap-sass/js/bootstrap-carousel.js HTTP/1.1" 200 -
1.0.0.127.in-addr.arpa - - [19/Aug/2013 21:08:52] "GET /bower_components/bootstrap-sass/js/bootstrap-scrollspy.js HTTP/1.1" 200 -
1.0.0.127.in-addr.arpa - - [19/Aug/2013 21:08:52] "GET /bower_components/bootstrap-sass/js/bootstrap-collapse.js HTTP/1.1" 200 -
1.0.0.127.in-addr.arpa - - [19/Aug/2013 21:08:52] "GET /bower_components/bootstrap-sass/js/bootstrap-tab.js HTTP/1.1" 200 -
1.0.0.127.in-addr.arpa - - [19/Aug/2013 21:08:52] "GET /bower_components/angular-cookies/angular-cookies.js HTTP/1.1" 200 -
1.0.0.127.in-addr.arpa - - [19/Aug/2013 21:08:52] "GET /bower_components/angular-sanitize/angular-sanitize.js HTTP/1.1" 200 -
1.0.0.127.in-addr.arpa - - [19/Aug/2013 21:08:52] "GET /bower_components/angular-resource/angular-resource.js HTTP/1.1" 200 -
1.0.0.127.in-addr.arpa - - [19/Aug/2013 21:08:52] "GET /views/main.html HTTP/1.1" 200 -
1.0.0.127.in-addr.arpa - - [19/Aug/2013 21:09:28] "GET / HTTP/1.1" 200 -
1.0.0.127.in-addr.arpa - - [19/Aug/2013 21:09:28] code 404, message File not found
1.0.0.127.in-addr.arpa - - [19/Aug/2013 21:09:28] "GET /styles/main.css HTTP/1.1" 404 -
1.0.0.127.in-addr.arpa - - [19/Aug/2013 21:09:28] "GET /bower_components/angular/angular.js HTTP/1.1" 200 -
1.0.0.127.in-addr.arpa - - [19/Aug/2013 21:09:28] "GET /scripts/app.js HTTP/1.1" 200 -
1.0.0.127.in-addr.arpa - - [19/Aug/2013 21:09:28] "GET /scripts/controllers/main.js HTTP/1.1" 200 -
1.0.0.127.in-addr.arpa - - [19/Aug/2013 21:09:28] "GET /scripts/directives/main.js HTTP/1.1" 200 -
1.0.0.127.in-addr.arpa - - [19/Aug/2013 21:09:28] "GET /bower_components/jquery/jquery.js HTTP/1.1" 200 -
1.0.0.127.in-addr.arpa - - [19/Aug/2013 21:09:28] "GET /bower_components/bootstrap-sass/js/bootstrap-affix.js HTTP/1.1" 200 -
1.0.0.127.in-addr.arpa - - [19/Aug/2013 21:09:28] "GET /bower_components/bootstrap-sass/js/bootstrap-alert.js HTTP/1.1" 200 -
1.0.0.127.in-addr.arpa - - [19/Aug/2013 21:09:28] "GET /bower_components/bootstrap-sass/js/bootstrap-dropdown.js HTTP/1.1" 200 -
1.0.0.127.in-addr.arpa - - [19/Aug/2013 21:09:28] "GET /bower_components/bootstrap-sass/js/bootstrap-tooltip.js HTTP/1.1" 200 -
1.0.0.127.in-addr.arpa - - [19/Aug/2013 21:09:28] "GET /bower_components/bootstrap-sass/js/bootstrap-modal.js HTTP/1.1" 200 -
1.0.0.127.in-addr.arpa - - [19/Aug/2013 21:09:28] "GET /bower_components/bootstrap-sass/js/bootstrap-transition.js HTTP/1.1" 200 -
1.0.0.127.in-addr.arpa - - [19/Aug/2013 21:09:28] "GET /bower_components/bootstrap-sass/js/bootstrap-button.js HTTP/1.1" 200 -
1.0.0.127.in-addr.arpa - - [19/Aug/2013 21:09:28] "GET /bower_components/bootstrap-sass/js/bootstrap-popover.js HTTP/1.1" 200 -
1.0.0.127.in-addr.arpa - - [19/Aug/2013 21:09:28] "GET /bower_components/bootstrap-sass/js/bootstrap-typeahead.js HTTP/1.1" 200 -
1.0.0.127.in-addr.arpa - - [19/Aug/2013 21:09:28] "GET /bower_components/bootstrap-sass/js/bootstrap-carousel.js HTTP/1.1" 200 -
1.0.0.127.in-addr.arpa - - [19/Aug/2013 21:09:28] "GET /bower_components/bootstrap-sass/js/bootstrap-scrollspy.js HTTP/1.1" 200 -
1.0.0.127.in-addr.arpa - - [19/Aug/2013 21:09:28] "GET /bower_components/bootstrap-sass/js/bootstrap-collapse.js HTTP/1.1" 200 -
1.0.0.127.in-addr.arpa - - [19/Aug/2013 21:09:28] "GET /bower_components/bootstrap-sass/js/bootstrap-tab.js HTTP/1.1" 200 -
1.0.0.127.in-addr.arpa - - [19/Aug/2013 21:09:28] "GET /bower_components/angular-cookies/angular-cookies.js HTTP/1.1" 200 -
1.0.0.127.in-addr.arpa - - [19/Aug/2013 21:09:28] "GET /bower_components/angular-sanitize/angular-sanitize.js HTTP/1.1" 200 -
1.0.0.127.in-addr.arpa - - [19/Aug/2013 21:09:28] "GET /bower_components/angular-resource/angular-resource.js HTTP/1.1" 200 -
1.0.0.127.in-addr.arpa - - [19/Aug/2013 21:09:28] "GET /views/main.html HTTP/1.1" 200 -
1.0.0.127.in-addr.arpa - - [19/Aug/2013 21:09:53] "GET / HTTP/1.1" 200 -
1.0.0.127.in-addr.arpa - - [19/Aug/2013 21:09:53] code 404, message File not found
1.0.0.127.in-addr.arpa - - [19/Aug/2013 21:09:53] "GET /styles/main.css HTTP/1.1" 404 -
1.0.0.127.in-addr.arpa - - [19/Aug/2013 21:09:53] "GET /bower_components/angular/angular.js HTTP/1.1" 200 -
1.0.0.127.in-addr.arpa - - [19/Aug/2013 21:09:53] "GET /scripts/app.js HTTP/1.1" 200 -
1.0.0.127.in-addr.arpa - - [19/Aug/2013 21:09:53] "GET /scripts/controllers/main.js HTTP/1.1" 200 -
1.0.0.127.in-addr.arpa - - [19/Aug/2013 21:09:53] "GET /scripts/directives/main.js HTTP/1.1" 200 -
1.0.0.127.in-addr.arpa - - [19/Aug/2013 21:09:53] "GET /bower_components/jquery/jquery.js HTTP/1.1" 200 -
1.0.0.127.in-addr.arpa - - [19/Aug/2013 21:09:53] "GET /bower_components/bootstrap-sass/js/bootstrap-affix.js HTTP/1.1" 200 -
1.0.0.127.in-addr.arpa - - [19/Aug/2013 21:09:53] "GET /bower_components/bootstrap-sass/js/bootstrap-alert.js HTTP/1.1" 200 -
1.0.0.127.in-addr.arpa - - [19/Aug/2013 21:09:53] "GET /bower_components/bootstrap-sass/js/bootstrap-dropdown.js HTTP/1.1" 200 -
1.0.0.127.in-addr.arpa - - [19/Aug/2013 21:09:53] "GET /bower_components/bootstrap-sass/js/bootstrap-tooltip.js HTTP/1.1" 200 -
1.0.0.127.in-addr.arpa - - [19/Aug/2013 21:09:53] "GET /bower_components/bootstrap-sass/js/bootstrap-modal.js HTTP/1.1" 200 -
1.0.0.127.in-addr.arpa - - [19/Aug/2013 21:09:53] "GET /bower_components/bootstrap-sass/js/bootstrap-transition.js HTTP/1.1" 200 -
1.0.0.127.in-addr.arpa - - [19/Aug/2013 21:09:53] "GET /bower_components/bootstrap-sass/js/bootstrap-button.js HTTP/1.1" 200 -
1.0.0.127.in-addr.arpa - - [19/Aug/2013 21:09:53] "GET /bower_components/bootstrap-sass/js/bootstrap-popover.js HTTP/1.1" 200 -
1.0.0.127.in-addr.arpa - - [19/Aug/2013 21:09:53] "GET /bower_components/bootstrap-sass/js/bootstrap-typeahead.js HTTP/1.1" 200 -
1.0.0.127.in-addr.arpa - - [19/Aug/2013 21:09:53] "GET /bower_components/bootstrap-sass/js/bootstrap-carousel.js HTTP/1.1" 200 -
1.0.0.127.in-addr.arpa - - [19/Aug/2013 21:09:53] "GET /bower_components/bootstrap-sass/js/bootstrap-scrollspy.js HTTP/1.1" 200 -
1.0.0.127.in-addr.arpa - - [19/Aug/2013 21:09:53] "GET /bower_components/bootstrap-sass/js/bootstrap-collapse.js HTTP/1.1" 200 -
1.0.0.127.in-addr.arpa - - [19/Aug/2013 21:09:53] "GET /bower_components/bootstrap-sass/js/bootstrap-tab.js HTTP/1.1" 200 -
1.0.0.127.in-addr.arpa - - [19/Aug/2013 21:09:53] "GET /bower_components/angular-cookies/angular-cookies.js HTTP/1.1" 200 -
1.0.0.127.in-addr.arpa - - [19/Aug/2013 21:09:53] "GET /bower_components/angular-sanitize/angular-sanitize.js HTTP/1.1" 200 -
1.0.0.127.in-addr.arpa - - [19/Aug/2013 21:09:53] "GET /bower_components/angular-resource/angular-resource.js HTTP/1.1" 200 -
1.0.0.127.in-addr.arpa - - [19/Aug/2013 21:09:53] "GET /views/main.html HTTP/1.1" 200 -
